app/build/outputs/logs/manifest-merger-debug-report.txt
-- Merging decision tree log ---
manifest
ADDED from src/main/AndroidManifest.xml:2:1-90:12
INJECTED from src/main/AndroidManifest.xml:2:1-90:12
INJECTED from src/main/AndroidManifest.xml:2:1-90:12
INJECTED from src/main/AndroidManifest.xml:2:1-90:12
MERGED from [com.android.support:appcompat-v7:25.1.0] AndroidManifest.xml:17:1-27:12
MERGED from [com.tencent.xinge:xinge:4.2.0-otherpush-Beta] AndroidManifest.xml:2:1-278:12
MERGED from [com.tencent.wup:wup:1.0.0.E-release] AndroidManifest.xml:2:1-17:12
MERGED from [com.tencent.mid:mid:4.0.7] AndroidManifest.xml:2:1-19:12
MERGED from [com.tencent.jg:jg:1.1] AndroidManifest.xml:2:1-11:12
MERGED from [com.android.support:animated-vector-drawable:25.1.0] AndroidManifest.xml:17:1-24:12
MERGED from [com.android.support:support-vector-drawable:25.1.0] AndroidManifest.xml:17:1-25:12
MERGED from [com.android.support:support-v4:25.1.0] AndroidManifest.xml:17:1-27:12
MERGED from [com.android.support:support-fragment:25.1.0] AndroidManifest.xml:17:1-27:12
MERGED from [com.android.support:support-media-compat:25.1.0] AndroidManifest.xml:17:1-27:12
MERGED from [com.android.support:support-core-utils:25.1.0] AndroidManifest.xml:17:1-27:12
MERGED from [com.android.support:support-core-ui:25.1.0] AndroidManifest.xml:17:1-27:12
MERGED from [com.android.support:support-compat:25.1.0] AndroidManifest.xml:17:1-27:12
INJECTED from src/main/AndroidManifest.xml:2:1-90:12
INJECTED from src/main/AndroidManifest.xml:2:1-90:12
INJECTED from src/main/AndroidManifest.xml:2:1-90:12
	package
		ADDED from src/main/AndroidManifest.xml:3:5-32
		INJECTED from src/main/AndroidManifest.xml
		INJECTED from src/main/AndroidManifest.xml
	android:versionName
		ADDED from src/main/AndroidManifest.xml:5:5-30
		INJECTED from src/main/AndroidManifest.xml
		INJECTED from src/main/AndroidManifest.xml
	xmlns:android
		ADDED from src/main/AndroidManifest.xml:2:11-69
	android:versionCode
		ADDED from src/main/AndroidManifest.xml:4:5-28
		INJECTED from src/main/AndroidManifest.xml
		INJECTED from src/main/AndroidManifest.xml
application
ADDED from src/main/AndroidManifest.xml:7:5-82:19
MERGED from [com.android.support:appcompat-v7:25.1.0] AndroidManifest.xml:25:5-20
MERGED from [com.android.support:appcompat-v7:25.1.0] AndroidManifest.xml:25:5-20
MERGED from [com.tencent.xinge:xinge:4.2.0-otherpush-Beta] AndroidManifest.xml:52:5-276:19
MERGED from [com.tencent.xinge:xinge:4.2.0-otherpush-Beta] AndroidManifest.xml:52:5-276:19
MERGED from [com.tencent.wup:wup:1.0.0.E-release] AndroidManifest.xml:11:5-15:19
MERGED from [com.tencent.wup:wup:1.0.0.E-release] AndroidManifest.xml:11:5-15:19
MERGED from [com.tencent.mid:mid:4.0.7] AndroidManifest.xml:11:5-17:19
MERGED from [com.tencent.mid:mid:4.0.7] AndroidManifest.xml:11:5-17:19
MERGED from [com.android.support:animated-vector-drawable:25.1.0] AndroidManifest.xml:22:5-20
MERGED from [com.android.support:animated-vector-drawable:25.1.0] AndroidManifest.xml:22:5-20
MERGED from [com.android.support:support-vector-drawable:25.1.0] AndroidManifest.xml:23:5-20
MERGED from [com.android.support:support-vector-drawable:25.1.0] AndroidManifest.xml:23:5-20
MERGED from [com.android.support:support-v4:25.1.0] AndroidManifest.xml:25:5-20
MERGED from [com.android.support:support-v4:25.1.0] AndroidManifest.xml:25:5-20
MERGED from [com.android.support:support-fragment:25.1.0] AndroidManifest.xml:25:5-20
MERGED from [com.android.support:support-fragment:25.1.0] AndroidManifest.xml:25:5-20
MERGED from [com.android.support:support-media-compat:25.1.0] AndroidManifest.xml:25:5-20
MERGED from [com.android.support:support-media-compat:25.1.0] AndroidManifest.xml:25:5-20
MERGED from [com.android.support:support-core-utils:25.1.0] AndroidManifest.xml:25:5-20
MERGED from [com.android.support:support-core-utils:25.1.0] AndroidManifest.xml:25:5-20
MERGED from [com.android.support:support-core-ui:25.1.0] AndroidManifest.xml:25:5-20
MERGED from [com.android.support:support-core-ui:25.1.0] AndroidManifest.xml:25:5-20
MERGED from [com.android.support:support-compat:25.1.0] AndroidManifest.xml:25:5-20
MERGED from [com.android.support:support-compat:25.1.0] AndroidManifest.xml:25:5-20
	android:supportsRtl
		ADDED from src/main/AndroidManifest.xml:12:9-35
	android:label
		ADDED from src/main/AndroidManifest.xml:11:9-41
	android:icon
		ADDED from src/main/AndroidManifest.xml:10:9-50
	android:allowBackup
		ADDED from src/main/AndroidManifest.xml:9:9-35
	android:theme
		ADDED from src/main/AndroidManifest.xml:13:9-40
	android:name
		ADDED from src/main/AndroidManifest.xml:8:9-28
meta-data#com.tencent.rdm.uuid
ADDED from src/main/AndroidManifest.xml:15:2-104
	android:value
		ADDED from src/main/AndroidManifest.xml:15:49-101
	android:name
		ADDED from src/main/AndroidManifest.xml:15:13-48
activity#com.qq.xgdemo1122.MainActivity
ADDED from src/main/AndroidManifest.xml:17:9-25:20
	android:launchMode
		ADDED from src/main/AndroidManifest.xml:19:13-43
	android:name
		ADDED from src/main/AndroidManifest.xml:18:13-41
intent-filter#action:name:android.intent.action.MAIN+category:name:android.intent.category.LAUNCHER
ADDED from src/main/AndroidManifest.xml:20:13-24:29
action#android.intent.action.MAIN
ADDED from src/main/AndroidManifest.xml:21:17-69
	android:name
		ADDED from src/main/AndroidManifest.xml:21:25-66
category#android.intent.category.LAUNCHER
ADDED from src/main/AndroidManifest.xml:23:17-77
	android:name
		ADDED from src/main/AndroidManifest.xml:23:27-74
activity#com.qq.xgdemo1122.activity.AboutActivity
ADDED from src/main/AndroidManifest.xml:27:9-37:20
	android:theme
		ADDED from src/main/AndroidManifest.xml:29:13-71
	android:name
		ADDED from src/main/AndroidManifest.xml:28:13-51
intent-filter#action:name:android.intent.action.VIEW+category:name:android.intent.category.DEFAULT+data:host:com.xg.push+data:path:/notify_detail+data:scheme:xgscheme
ADDED from src/main/AndroidManifest.xml:30:13-36:29
action#android.intent.action.VIEW
ADDED from src/main/AndroidManifest.xml:31:17-69
	android:name
		ADDED from src/main/AndroidManifest.xml:31:25-66
category#android.intent.category.DEFAULT
ADDED from src/main/AndroidManifest.xml:32:17-75
	android:name
		ADDED from src/main/AndroidManifest.xml:32:27-73
data
ADDED from src/main/AndroidManifest.xml:33:17-35:53
	android:path
		ADDED from src/main/AndroidManifest.xml:35:21-50
	android:host
		ADDED from src/main/AndroidManifest.xml:34:21-47
	android:scheme
		ADDED from src/main/AndroidManifest.xml:33:23-48
activity#com.qq.xgdemo1122.activity.HelpActivity
ADDED from src/main/AndroidManifest.xml:38:9-40:74
	android:theme
		ADDED from src/main/AndroidManifest.xml:40:13-71
	android:name
		ADDED from src/main/AndroidManifest.xml:39:13-50
activity#com.qq.xgdemo1122.activity.MsgInfoActivity
ADDED from src/main/AndroidManifest.xml:41:9-43:74
	android:theme
		ADDED from src/main/AndroidManifest.xml:43:13-71
	android:name
		ADDED from src/main/AndroidManifest.xml:42:13-53
activity#com.qq.xgdemo1122.activity.SettingActivity
ADDED from src/main/AndroidManifest.xml:45:9-47:74
	android:theme
		ADDED from src/main/AndroidManifest.xml:47:13-71
	android:name
		ADDED from src/main/AndroidManifest.xml:46:13-53
activity#com.qq.xgdemo1122.activity.DiagnosisActivity
ADDED from src/main/AndroidManifest.xml:48:9-50:74
	android:theme
		ADDED from src/main/AndroidManifest.xml:50:13-71
	android:name
		ADDED from src/main/AndroidManifest.xml:49:13-55
activity#com.qq.xgdemo1122.activity.DeviceActivity
ADDED from src/main/AndroidManifest.xml:51:9-53:74
	android:theme
		ADDED from src/main/AndroidManifest.xml:53:13-71
	android:name
		ADDED from src/main/AndroidManifest.xml:52:13-52
receiver#com.qq.xgdemo1122.receiver.MessageReceiver
ADDED from src/main/AndroidManifest.xml:58:9-66:20
	android:exported
		ADDED from src/main/AndroidManifest.xml:59:13-36
	android:name
		ADDED from src/main/AndroidManifest.xml:58:19-59
intent-filter#action:name:com.tencent.android.tpush.action.FEEDBACK+action:name:com.tencent.android.tpush.action.PUSH_MESSAGE
ADDED from src/main/AndroidManifest.xml:60:13-65:29
action#com.tencent.android.tpush.action.PUSH_MESSAGE
ADDED from src/main/AndroidManifest.xml:62:17-88
	android:name
		ADDED from src/main/AndroidManifest.xml:62:25-85
action#com.tencent.android.tpush.action.FEEDBACK
ADDED from src/main/AndroidManifest.xml:64:17-84
	android:name
		ADDED from src/main/AndroidManifest.xml:64:25-81
receiver#com.tencent.android.tpush.cloudctr.network.CloudControlDownloadReceiver
ADDED from src/main/AndroidManifest.xml:69:9-75:20
MERGED from [com.tencent.xinge:xinge:4.2.0-otherpush-Beta] AndroidManifest.xml:253:9-259:20
MERGED from [com.tencent.xinge:xinge:4.2.0-otherpush-Beta] AndroidManifest.xml:253:9-259:20
	android:exported
		ADDED from src/main/AndroidManifest.xml:71:13-36
	android:name
		ADDED from src/main/AndroidManifest.xml:70:13-99
intent-filter#action:name:com.tencent.android.tpush.cloudcontrol.action.DOWNLOAD_FILE_FINISH
ADDED from src/main/AndroidManifest.xml:72:13-74:29
action#com.tencent.android.tpush.cloudcontrol.action.DOWNLOAD_FILE_FINISH
ADDED from src/main/AndroidManifest.xml:73:17-109
	android:name
		ADDED from src/main/AndroidManifest.xml:73:25-106
service#com.tencent.android.tpush.cloudctr.network.CloudControlDownloadService
ADDED from src/main/AndroidManifest.xml:76:9-79:41
MERGED from [com.tencent.xinge:xinge:4.2.0-otherpush-Beta] AndroidManifest.xml:261:9-264:41
MERGED from [com.tencent.xinge:xinge:4.2.0-otherpush-Beta] AndroidManifest.xml:261:9-264:41
	android:exported
		ADDED from src/main/AndroidManifest.xml:78:13-36
	android:persistent
		ADDED from src/main/AndroidManifest.xml:79:13-38
	android:name
		ADDED from src/main/AndroidManifest.xml:77:13-98
uses-permission#android.permission.INTERNET
ADDED from src/main/AndroidManifest.xml:83:5-66
MERGED from [com.tencent.xinge:xinge:4.2.0-otherpush-Beta] AndroidManifest.xml:10:5-67
MERGED from [com.tencent.xinge:xinge:4.2.0-otherpush-Beta] AndroidManifest.xml:10:5-67
	android:name
		ADDED from src/main/AndroidManifest.xml:83:22-64
uses-permission#android.permission.ACCESS_NETWORK_STATE
ADDED from src/main/AndroidManifest.xml:84:5-78
MERGED from [com.tencent.xinge:xinge:4.2.0-otherpush-Beta] AndroidManifest.xml:13:5-79
MERGED from [com.tencent.xinge:xinge:4.2.0-otherpush-Beta] AndroidManifest.xml:13:5-79
	android:name
		ADDED from src/main/AndroidManifest.xml:84:22-76
uses-permission#android.permission.ACCESS_WIFI_STATE
ADDED from src/main/AndroidManifest.xml:85:5-75
MERGED from [com.tencent.xinge:xinge:4.2.0-otherpush-Beta] AndroidManifest.xml:12:5-76
MERGED from [com.tencent.xinge:xinge:4.2.0-otherpush-Beta] AndroidManifest.xml:12:5-76
	android:name
		ADDED from src/main/AndroidManifest.xml:85:22-73
uses-permission#android.permission.READ_PHONE_STATE
ADDED from src/main/AndroidManifest.xml:86:5-74
MERGED from [com.tencent.xinge:xinge:4.2.0-otherpush-Beta] AndroidManifest.xml:11:5-75
MERGED from [com.tencent.xinge:xinge:4.2.0-otherpush-Beta] AndroidManifest.xml:11:5-75
	android:name
		ADDED from src/main/AndroidManifest.xml:86:22-72
uses-permission#android.permission.WRITE_EXTERNAL_STORAGE
ADDED from src/main/AndroidManifest.xml:87:5-80
MERGED from [com.tencent.xinge:xinge:4.2.0-otherpush-Beta] AndroidManifest.xml:19:5-81
MERGED from [com.tencent.xinge:xinge:4.2.0-otherpush-Beta] AndroidManifest.xml:19:5-81
	android:name
		ADDED from src/main/AndroidManifest.xml:87:22-78
uses-sdk
INJECTED from src/main/AndroidManifest.xml reason: use-sdk injection requested
INJECTED from src/main/AndroidManifest.xml
INJECTED from src/main/AndroidManifest.xml
MERGED from [com.android.support:appcompat-v7:25.1.0] AndroidManifest.xml:21:5-23:78
MERGED from [com.android.support:appcompat-v7:25.1.0] AndroidManifest.xml:21:5-23:78
MERGED from [com.tencent.xinge:xinge:4.2.0-otherpush-Beta] AndroidManifest.xml:6:5-8:41
MERGED from [com.tencent.xinge:xinge:4.2.0-otherpush-Beta] AndroidManifest.xml:6:5-8:41
MERGED from [com.tencent.wup:wup:1.0.0.E-release] AndroidManifest.xml:7:5-9:41
MERGED from [com.tencent.wup:wup:1.0.0.E-release] AndroidManifest.xml:7:5-9:41
MERGED from [com.tencent.mid:mid:4.0.7] AndroidManifest.xml:7:5-9:41
MERGED from [com.tencent.mid:mid:4.0.7] AndroidManifest.xml:7:5-9:41
MERGED from [com.tencent.jg:jg:1.1] AndroidManifest.xml:7:5-9:41
MERGED from [com.tencent.jg:jg:1.1] AndroidManifest.xml:7:5-9:41
MERGED from [com.android.support:animated-vector-drawable:25.1.0] AndroidManifest.xml:20:5-44
MERGED from [com.android.support:animated-vector-drawable:25.1.0] AndroidManifest.xml:20:5-44
MERGED from [com.android.support:support-vector-drawable:25.1.0] AndroidManifest.xml:21:5-43
MERGED from [com.android.support:support-vector-drawable:25.1.0] AndroidManifest.xml:21:5-43
MERGED from [com.android.support:support-v4:25.1.0] AndroidManifest.xml:21:5-23:54
MERGED from [com.android.support:support-v4:25.1.0] AndroidManifest.xml:21:5-23:54
MERGED from [com.android.support:support-fragment:25.1.0] AndroidManifest.xml:21:5-23:60
MERGED from [com.android.support:support-fragment:25.1.0] AndroidManifest.xml:21:5-23:60
MERGED from [com.android.support:support-media-compat:25.1.0] AndroidManifest.xml:21:5-23:63
MERGED from [com.android.support:support-media-compat:25.1.0] AndroidManifest.xml:21:5-23:63
MERGED from [com.android.support:support-core-utils:25.1.0] AndroidManifest.xml:21:5-23:61
MERGED from [com.android.support:support-core-utils:25.1.0] AndroidManifest.xml:21:5-23:61
MERGED from [com.android.support:support-core-ui:25.1.0] AndroidManifest.xml:21:5-23:58
MERGED from [com.android.support:support-core-ui:25.1.0] AndroidManifest.xml:21:5-23:58
MERGED from [com.android.support:support-compat:25.1.0] AndroidManifest.xml:21:5-23:58
MERGED from [com.android.support:support-compat:25.1.0] AndroidManifest.xml:21:5-23:58
INJECTED from src/main/AndroidManifest.xml
INJECTED from src/main/AndroidManifest.xml
	tools:overrideLibrary
		ADDED from [com.android.support:appcompat-v7:25.1.0] AndroidManifest.xml:23:9-75
	android:targetSdkVersion
		INJECTED from src/main/AndroidManifest.xml
		ADDED from src/main/AndroidManifest.xml
		INJECTED from src/main/AndroidManifest.xml
	android:minSdkVersion
		INJECTED from src/main/AndroidManifest.xml
		ADDED from src/main/AndroidManifest.xml
		INJECTED from src/main/AndroidManifest.xml
uses-permission#android.permission.WAKE_LOCK
ADDED from [com.tencent.xinge:xinge:4.2.0-otherpush-Beta] AndroidManifest.xml:14:5-68
	android:name
		ADDED from [com.tencent.xinge:xinge:4.2.0-otherpush-Beta] AndroidManifest.xml:14:22-65
uses-permission#android.permission.VIBRATE
ADDED from [com.tencent.xinge:xinge:4.2.0-otherpush-Beta] AndroidManifest.xml:15:5-66
	android:name
		ADDED from [com.tencent.xinge:xinge:4.2.0-otherpush-Beta] AndroidManifest.xml:15:22-63
uses-permission#android.permission.RECEIVE_USER_PRESENT
ADDED from [com.tencent.xinge:xinge:4.2.0-otherpush-Beta] AndroidManifest.xml:17:5-79
	android:name
		ADDED from [com.tencent.xinge:xinge:4.2.0-otherpush-Beta] AndroidManifest.xml:17:22-76
uses-permission#android.permission.RECEIVE_BOOT_COMPLETED
ADDED from [com.tencent.xinge:xinge:4.2.0-otherpush-Beta] AndroidManifest.xml:18:5-81
	android:name
		ADDED from [com.tencent.xinge:xinge:4.2.0-otherpush-Beta] AndroidManifest.xml:18:22-78
uses-permission#android.permission.WRITE_SETTINGS
ADDED from [com.tencent.xinge:xinge:4.2.0-otherpush-Beta] AndroidManifest.xml:20:5-73
	android:name
		ADDED from [com.tencent.xinge:xinge:4.2.0-otherpush-Beta] AndroidManifest.xml:20:22-70
uses-permission#android.permission.BROADCAST_STICKY
ADDED from [com.tencent.xinge:xinge:4.2.0-otherpush-Beta] AndroidManifest.xml:22:5-75
	android:name
		ADDED from [com.tencent.xinge:xinge:4.2.0-otherpush-Beta] AndroidManifest.xml:22:22-72
uses-permission#android.permission.KILL_BACKGROUND_PROCESSES
ADDED from [com.tencent.xinge:xinge:4.2.0-otherpush-Beta] AndroidManifest.xml:23:5-84
	android:name
		ADDED from [com.tencent.xinge:xinge:4.2.0-otherpush-Beta] AndroidManifest.xml:23:22-81
uses-permission#android.permission.READ_LOGS
ADDED from [com.tencent.xinge:xinge:4.2.0-otherpush-Beta] AndroidManifest.xml:24:5-68
	android:name
		ADDED from [com.tencent.xinge:xinge:4.2.0-otherpush-Beta] AndroidManifest.xml:24:22-65
uses-permission#android.permission.BLUETOOTH
ADDED from [com.tencent.xinge:xinge:4.2.0-otherpush-Beta] AndroidManifest.xml:25:5-68
	android:name
		ADDED from [com.tencent.xinge:xinge:4.2.0-otherpush-Beta] AndroidManifest.xml:25:22-65
uses-permission#android.permission.BATTERY_STATS
ADDED from [com.tencent.xinge:xinge:4.2.0-otherpush-Beta] AndroidManifest.xml:26:5-72
	android:name
		ADDED from [com.tencent.xinge:xinge:4.2.0-otherpush-Beta] AndroidManifest.xml:26:22-69
uses-permission#com.meizu.flyme.push.permission.RECEIVE
ADDED from [com.tencent.xinge:xinge:4.2.0-otherpush-Beta] AndroidManifest.xml:29:5-79
	android:name
		ADDED from [com.tencent.xinge:xinge:4.2.0-otherpush-Beta] AndroidManifest.xml:29:22-76
permission#${applicationId}.push.permission.MESSAGE
ADDED from [com.tencent.xinge:xinge:4.2.0-otherpush-Beta] AndroidManifest.xml:31:5-33:47
	android:protectionLevel
		ADDED from [com.tencent.xinge:xinge:4.2.0-otherpush-Beta] AndroidManifest.xml:33:9-44
	android:name
		ADDED from [com.tencent.xinge:xinge:4.2.0-otherpush-Beta] AndroidManifest.xml:32:9-64
permission#com.qq.xgdemo1122.push.permission.MESSAGE
ADDED from [com.tencent.xinge:xinge:4.2.0-otherpush-Beta] AndroidManifest.xml:31:5-33:47
	android:protectionLevel
		ADDED from [com.tencent.xinge:xinge:4.2.0-otherpush-Beta] AndroidManifest.xml:33:9-44
	android:name
		ADDED from [com.tencent.xinge:xinge:4.2.0-otherpush-Beta] AndroidManifest.xml:32:9-64
uses-permission#${applicationId}push.permission.MESSAGE
ADDED from [com.tencent.xinge:xinge:4.2.0-otherpush-Beta] AndroidManifest.xml:35:5-79
	android:name
		ADDED from [com.tencent.xinge:xinge:4.2.0-otherpush-Beta] AndroidManifest.xml:35:22-76
uses-permission#com.qq.xgdemo1122push.permission.MESSAGE
ADDED from [com.tencent.xinge:xinge:4.2.0-otherpush-Beta] AndroidManifest.xml:35:5-79
	android:name
		ADDED from [com.tencent.xinge:xinge:4.2.0-otherpush-Beta] AndroidManifest.xml:35:22-76
uses-permission#com.meizu.c2dm.permission.RECEIVE
ADDED from [com.tencent.xinge:xinge:4.2.0-otherpush-Beta] AndroidManifest.xml:37:5-73
	android:name
		ADDED from [com.tencent.xinge:xinge:4.2.0-otherpush-Beta] AndroidManifest.xml:37:22-70
permission#${applicationId}.permission.C2D_MESSAGE
ADDED from [com.tencent.xinge:xinge:4.2.0-otherpush-Beta] AndroidManifest.xml:39:5-41:47
	android:protectionLevel
		ADDED from [com.tencent.xinge:xinge:4.2.0-otherpush-Beta] AndroidManifest.xml:41:9-44
	android:name
		ADDED from [com.tencent.xinge:xinge:4.2.0-otherpush-Beta] AndroidManifest.xml:40:9-63
permission#com.qq.xgdemo1122.permission.C2D_MESSAGE
ADDED from [com.tencent.xinge:xinge:4.2.0-otherpush-Beta] AndroidManifest.xml:39:5-41:47
	android:protectionLevel
		ADDED from [com.tencent.xinge:xinge:4.2.0-otherpush-Beta] AndroidManifest.xml:41:9-44
	android:name
		ADDED from [com.tencent.xinge:xinge:4.2.0-otherpush-Beta] AndroidManifest.xml:40:9-63
uses-permission#${applicationId}.permission.C2D_MESSAGE
ADDED from [com.tencent.xinge:xinge:4.2.0-otherpush-Beta] AndroidManifest.xml:43:5-79
	android:name
		ADDED from [com.tencent.xinge:xinge:4.2.0-otherpush-Beta] AndroidManifest.xml:43:22-76
uses-permission#com.qq.xgdemo1122.permission.C2D_MESSAGE
ADDED from [com.tencent.xinge:xinge:4.2.0-otherpush-Beta] AndroidManifest.xml:43:5-79
	android:name
		ADDED from [com.tencent.xinge:xinge:4.2.0-otherpush-Beta] AndroidManifest.xml:43:22-76
permission#${applicationId}.permission.MIPUSH_RECEIVE
ADDED from [com.tencent.xinge:xinge:4.2.0-otherpush-Beta] AndroidManifest.xml:46:5-48:47
	android:protectionLevel
		ADDED from [com.tencent.xinge:xinge:4.2.0-otherpush-Beta] AndroidManifest.xml:48:9-44
	android:name
		ADDED from [com.tencent.xinge:xinge:4.2.0-otherpush-Beta] AndroidManifest.xml:47:9-66
permission#com.qq.xgdemo1122.permission.MIPUSH_RECEIVE
ADDED from [com.tencent.xinge:xinge:4.2.0-otherpush-Beta] AndroidManifest.xml:46:5-48:47
	android:protectionLevel
		ADDED from [com.tencent.xinge:xinge:4.2.0-otherpush-Beta] AndroidManifest.xml:48:9-44
	android:name
		ADDED from [com.tencent.xinge:xinge:4.2.0-otherpush-Beta] AndroidManifest.xml:47:9-66
uses-permission#${applicationId}.permission.MIPUSH_RECEIVE
ADDED from [com.tencent.xinge:xinge:4.2.0-otherpush-Beta] AndroidManifest.xml:50:5-82
	android:name
		ADDED from [com.tencent.xinge:xinge:4.2.0-otherpush-Beta] AndroidManifest.xml:50:22-79
uses-permission#com.qq.xgdemo1122.permission.MIPUSH_RECEIVE
ADDED from [com.tencent.xinge:xinge:4.2.0-otherpush-Beta] AndroidManifest.xml:50:5-82
	android:name
		ADDED from [com.tencent.xinge:xinge:4.2.0-otherpush-Beta] AndroidManifest.xml:50:22-79
activity#com.tencent.android.tpush.XGPushActivity
ADDED from [com.tencent.xinge:xinge:4.2.0-otherpush-Beta] AndroidManifest.xml:55:9-64:20
	android:exported
		ADDED from [com.tencent.xinge:xinge:4.2.0-otherpush-Beta] AndroidManifest.xml:57:13-37
	android:theme
		ADDED from [com.tencent.xinge:xinge:4.2.0-otherpush-Beta] AndroidManifest.xml:58:13-61
	android:name
		ADDED from [com.tencent.xinge:xinge:4.2.0-otherpush-Beta] AndroidManifest.xml:56:13-68
intent-filter#action:name:android.intent.action
ADDED from [com.tencent.xinge:xinge:4.2.0-otherpush-Beta] AndroidManifest.xml:59:13-63:29
action#android.intent.action
ADDED from [com.tencent.xinge:xinge:4.2.0-otherpush-Beta] AndroidManifest.xml:62:17-64
	android:name
		ADDED from [com.tencent.xinge:xinge:4.2.0-otherpush-Beta] AndroidManifest.xml:62:25-61
receiver#com.tencent.android.tpush.XGPushReceiver
ADDED from [com.tencent.xinge:xinge:4.2.0-otherpush-Beta] AndroidManifest.xml:67:9-93:20
	android:process
		ADDED from [com.tencent.xinge:xinge:4.2.0-otherpush-Beta] AndroidManifest.xml:69:13-45
	android:name
		ADDED from [com.tencent.xinge:xinge:4.2.0-otherpush-Beta] AndroidManifest.xml:68:13-68
intent-filter#action:name:android.bluetooth.adapter.action.STATE_CHANGED+action:name:android.intent.action.ACTION_POWER_CONNECTED+action:name:android.intent.action.ACTION_POWER_DISCONNECTED+action:name:android.intent.action.USER_PRESENT+action:name:android.net.conn.CONNECTIVITY_CHANGE+action:name:com.tencent.android.tpush.action.INTERNAL_PUSH_MESSAGE+action:name:com.tencent.android.tpush.action.SDK
ADDED from [com.tencent.xinge:xinge:4.2.0-otherpush-Beta] AndroidManifest.xml:70:13-83:29
	android:priority
		ADDED from [com.tencent.xinge:xinge:4.2.0-otherpush-Beta] AndroidManifest.xml:70:28-57
action#com.tencent.android.tpush.action.SDK
ADDED from [com.tencent.xinge:xinge:4.2.0-otherpush-Beta] AndroidManifest.xml:73:17-79
	android:name
		ADDED from [com.tencent.xinge:xinge:4.2.0-otherpush-Beta] AndroidManifest.xml:73:25-76
action#com.tencent.android.tpush.action.INTERNAL_PUSH_MESSAGE
ADDED from [com.tencent.xinge:xinge:4.2.0-otherpush-Beta] AndroidManifest.xml:74:17-97
	android:name
		ADDED from [com.tencent.xinge:xinge:4.2.0-otherpush-Beta] AndroidManifest.xml:74:25-94
action#android.net.conn.CONNECTIVITY_CHANGE
ADDED from [com.tencent.xinge:xinge:4.2.0-otherpush-Beta] AndroidManifest.xml:76:17-79
	android:name
		ADDED from [com.tencent.xinge:xinge:4.2.0-otherpush-Beta] AndroidManifest.xml:76:25-76
action#android.intent.action.USER_PRESENT
ADDED from [com.tencent.xinge:xinge:4.2.0-otherpush-Beta] AndroidManifest.xml:78:17-77
	android:name
		ADDED from [com.tencent.xinge:xinge:4.2.0-otherpush-Beta] AndroidManifest.xml:78:25-74
action#android.bluetooth.adapter.action.STATE_CHANGED
ADDED from [com.tencent.xinge:xinge:4.2.0-otherpush-Beta] AndroidManifest.xml:80:17-89
	android:name
		ADDED from [com.tencent.xinge:xinge:4.2.0-otherpush-Beta] AndroidManifest.xml:80:25-86
action#android.intent.action.ACTION_POWER_CONNECTED
ADDED from [com.tencent.xinge:xinge:4.2.0-otherpush-Beta] AndroidManifest.xml:81:17-87
	android:name
		ADDED from [com.tencent.xinge:xinge:4.2.0-otherpush-Beta] AndroidManifest.xml:81:25-84
action#android.intent.action.ACTION_POWER_DISCONNECTED
ADDED from [com.tencent.xinge:xinge:4.2.0-otherpush-Beta] AndroidManifest.xml:82:17-90
	android:name
		ADDED from [com.tencent.xinge:xinge:4.2.0-otherpush-Beta] AndroidManifest.xml:82:25-87
intent-filter#action:name:android.intent.action.MEDIA_CHECKING+action:name:android.intent.action.MEDIA_EJECT+action:name:android.intent.action.MEDIA_REMOVED+action:name:android.intent.action.MEDIA_UNMOUNTED+data:scheme:file
ADDED from [com.tencent.xinge:xinge:4.2.0-otherpush-Beta] AndroidManifest.xml:85:13-92:29
	android:priority
		ADDED from [com.tencent.xinge:xinge:4.2.0-otherpush-Beta] AndroidManifest.xml:85:28-57
action#android.intent.action.MEDIA_UNMOUNTED
ADDED from [com.tencent.xinge:xinge:4.2.0-otherpush-Beta] AndroidManifest.xml:86:17-80
	android:name
		ADDED from [com.tencent.xinge:xinge:4.2.0-otherpush-Beta] AndroidManifest.xml:86:25-77
action#android.intent.action.MEDIA_REMOVED
ADDED from [com.tencent.xinge:xinge:4.2.0-otherpush-Beta] AndroidManifest.xml:87:17-78
	android:name
		ADDED from [com.tencent.xinge:xinge:4.2.0-otherpush-Beta] AndroidManifest.xml:87:25-75
action#android.intent.action.MEDIA_CHECKING
ADDED from [com.tencent.xinge:xinge:4.2.0-otherpush-Beta] AndroidManifest.xml:88:17-79
	android:name
		ADDED from [com.tencent.xinge:xinge:4.2.0-otherpush-Beta] AndroidManifest.xml:88:25-76
action#android.intent.action.MEDIA_EJECT
ADDED from [com.tencent.xinge:xinge:4.2.0-otherpush-Beta] AndroidManifest.xml:89:17-76
	android:name
		ADDED from [com.tencent.xinge:xinge:4.2.0-otherpush-Beta] AndroidManifest.xml:89:25-73
service#com.tencent.android.tpush.rpc.XGRemoteService
ADDED from [com.tencent.xinge:xinge:4.2.0-otherpush-Beta] AndroidManifest.xml:96:9-104:19
	android:exported
		ADDED from [com.tencent.xinge:xinge:4.2.0-otherpush-Beta] AndroidManifest.xml:98:13-36
	android:name
		ADDED from [com.tencent.xinge:xinge:4.2.0-otherpush-Beta] AndroidManifest.xml:97:13-73
intent-filter#action:name:${applicationId}.PUSH_ACTION
ADDED from [com.tencent.xinge:xinge:4.2.0-otherpush-Beta] AndroidManifest.xml:99:13-103:29
intent-filter#action:name:com.qq.xgdemo1122.PUSH_ACTION
ADDED from [com.tencent.xinge:xinge:4.2.0-otherpush-Beta] AndroidManifest.xml:99:13-103:29
action#${applicationId}.PUSH_ACTION
ADDED from [com.tencent.xinge:xinge:4.2.0-otherpush-Beta] AndroidManifest.xml:102:17-71
	android:name
		ADDED from [com.tencent.xinge:xinge:4.2.0-otherpush-Beta] AndroidManifest.xml:102:25-68
action#com.qq.xgdemo1122.PUSH_ACTION
ADDED from [com.tencent.xinge:xinge:4.2.0-otherpush-Beta] AndroidManifest.xml:102:17-71
	android:name
		ADDED from [com.tencent.xinge:xinge:4.2.0-otherpush-Beta] AndroidManifest.xml:102:25-68
service#com.tencent.android.tpush.service.XGPushServiceV4
ADDED from [com.tencent.xinge:xinge:4.2.0-otherpush-Beta] AndroidManifest.xml:106:9-110:48
	android:process
		ADDED from [com.tencent.xinge:xinge:4.2.0-otherpush-Beta] AndroidManifest.xml:110:13-45
	android:exported
		ADDED from [com.tencent.xinge:xinge:4.2.0-otherpush-Beta] AndroidManifest.xml:108:13-36
	android:persistent
		ADDED from [com.tencent.xinge:xinge:4.2.0-otherpush-Beta] AndroidManifest.xml:109:13-38
	android:name
		ADDED from [com.tencent.xinge:xinge:4.2.0-otherpush-Beta] AndroidManifest.xml:107:13-77
provider#com.tencent.android.tpush.XGPushProvider
ADDED from [com.tencent.xinge:xinge:4.2.0-otherpush-Beta] AndroidManifest.xml:113:9-116:39
	android:authorities
		ADDED from [com.tencent.xinge:xinge:4.2.0-otherpush-Beta] AndroidManifest.xml:115:13-63
	android:exported
		ADDED from [com.tencent.xinge:xinge:4.2.0-otherpush-Beta] AndroidManifest.xml:116:13-36
	android:name
		ADDED from [com.tencent.xinge:xinge:4.2.0-otherpush-Beta] AndroidManifest.xml:114:13-68
provider#com.tencent.android.tpush.SettingsContentProvider
ADDED from [com.tencent.xinge:xinge:4.2.0-otherpush-Beta] AndroidManifest.xml:118:9-121:40
	android:authorities
		ADDED from [com.tencent.xinge:xinge:4.2.0-otherpush-Beta] AndroidManifest.xml:120:13-66
	android:exported
		ADDED from [com.tencent.xinge:xinge:4.2.0-otherpush-Beta] AndroidManifest.xml:121:13-37
	android:name
		ADDED from [com.tencent.xinge:xinge:4.2.0-otherpush-Beta] AndroidManifest.xml:119:13-77
service#com.xiaomi.push.service.XMPushService
ADDED from [com.tencent.xinge:xinge:4.2.0-otherpush-Beta] AndroidManifest.xml:124:9-127:46
	android:process
		ADDED from [com.tencent.xinge:xinge:4.2.0-otherpush-Beta] AndroidManifest.xml:127:13-43
	android:enabled
		ADDED from [com.tencent.xinge:xinge:4.2.0-otherpush-Beta] AndroidManifest.xml:126:13-35
	android:name
		ADDED from [com.tencent.xinge:xinge:4.2.0-otherpush-Beta] AndroidManifest.xml:125:13-65
service#com.xiaomi.push.service.XMJobService
ADDED from [com.tencent.xinge:xinge:4.2.0-otherpush-Beta] AndroidManifest.xml:128:9-133:46
	android:process
		ADDED from [com.tencent.xinge:xinge:4.2.0-otherpush-Beta] AndroidManifest.xml:133:13-43
	android:enabled
		ADDED from [com.tencent.xinge:xinge:4.2.0-otherpush-Beta] AndroidManifest.xml:130:13-35
	android:exported
		ADDED from [com.tencent.xinge:xinge:4.2.0-otherpush-Beta] AndroidManifest.xml:131:13-37
	android:permission
		ADDED from [com.tencent.xinge:xinge:4.2.0-otherpush-Beta] AndroidManifest.xml:132:13-69
	android:name
		ADDED from [com.tencent.xinge:xinge:4.2.0-otherpush-Beta] AndroidManifest.xml:129:13-64
service#com.xiaomi.mipush.sdk.PushMessageHandler
ADDED from [com.tencent.xinge:xinge:4.2.0-otherpush-Beta] AndroidManifest.xml:135:9-138:39
	android:enabled
		ADDED from [com.tencent.xinge:xinge:4.2.0-otherpush-Beta] AndroidManifest.xml:137:13-35
	android:exported
		ADDED from [com.tencent.xinge:xinge:4.2.0-otherpush-Beta] AndroidManifest.xml:138:13-36
	android:name
		ADDED from [com.tencent.xinge:xinge:4.2.0-otherpush-Beta] AndroidManifest.xml:136:13-68
service#com.xiaomi.mipush.sdk.MessageHandleService
ADDED from [com.tencent.xinge:xinge:4.2.0-otherpush-Beta] AndroidManifest.xml:139:9-141:38
	android:enabled